<?xml version="1.0" encoding="UTF-8"?>
<testsuite xmlns:xsi="http://www.w3.org/2001/XMLSchema-instance" xsi:noNamespaceSchemaLocation="https://maven.apache.org/surefire/maven-surefire-plugin/xsd/surefire-test-report-3.0.xsd" version="3.0" name="com.luxoft.interview.ubs.sudoku.ValidatorTests" time="0.138" tests="14" errors="0" skipped="0" failures="0">
  <properties>
[...]
</properties>
  <testcase name="testIfMissingInputFails" classname="com.luxoft.interview.ubs.sudoku.ValidatorTests" time="0.048"/>
  <testcase name="testBoardsFromResource{String, String}[1]" classname="com.luxoft.interview.ubs.sudoku.ValidatorTests" time="0.032"/>
  <testcase name="testBoardsFromResource{String, String}[2]" classname="com.luxoft.interview.ubs.sudoku.ValidatorTests" time="0.002"/>
  <testcase name="testBoardsFromResource{String, String}[3]" classname="com.luxoft.interview.ubs.sudoku.ValidatorTests" time="0.001"/>
  <testcase name="testBoardsFromResource{String, String}[4]" classname="com.luxoft.interview.ubs.sudoku.ValidatorTests" time="0.001"/>
  <testcase name="testBoardsFromResource{String, String}[5]" classname="com.luxoft.interview.ubs.sudoku.ValidatorTests" time="0.002"/>
  <testcase name="testBoardsFromResource{String, String}[6]" classname="com.luxoft.interview.ubs.sudoku.ValidatorTests" time="0.002"/>
  <testcase name="testBoardsFromResource{String, String}[7]" classname="com.luxoft.interview.ubs.sudoku.ValidatorTests" time="0.001"/>
  <testcase name="testBoardsFromResource{String, String}[8]" classname="com.luxoft.interview.ubs.sudoku.ValidatorTests" time="0.001"/>
  <testcase name="testBoardsFromResource{String, String}[9]" classname="com.luxoft.interview.ubs.sudoku.ValidatorTests" time="0.001"/>
  <testcase name="testBoardsFromResource{String, String}[10]" classname="com.luxoft.interview.ubs.sudoku.ValidatorTests" time="0.001"/>
  <testcase name="testBoardsFromResource{String, String}[11]" classname="com.luxoft.interview.ubs.sudoku.ValidatorTests" time="0.001"/>
  <testcase name="testBoardsFromResource{String, String}[12]" classname="com.luxoft.interview.ubs.sudoku.ValidatorTests" time="0"/>
  <testcase name="testBoardsFromResource{String, String}[13]" classname="com.luxoft.interview.ubs.sudoku.ValidatorTests" time="0.002"/>
</testsuite>